{"name": "test_login_by_mail", "status": "failed", "statusDetails": {"message": "AssertionError", "trace": "run_driver = <selenium.webdriver.chrome.webdriver.WebDriver (session=\"f9af4168318cab2ff818072d7b38c037\")>\n\n    @allure.severity(severity_level=\"CRITICAL\")\n    def test_login_by_mail(run_driver):\n        with allure.step(\"Тест автризации пользователя с емэйл\"):\n            ap = Authorization_page(run_driver)\n            ap.open_authorization_page()\n            ap.input_field_login_email(\"skvosh1991@mail.ru\")\n            ap.click_button_come_in()\n            ap.input_field_password(\"Qwerty12345!@#\")\n            ap.click_button_come_in()\n>           ap.assert_word(ap.get_word_success_authorization(), \"Данные\")\n\ntests\\test_autorization.py:39: \n_ _ _ _ _ _ _ _ _ _ _ _ _ _ _ _ _ _ _ _ _ _ _ _ _ _ _ _ _ _ _ _ _ _ _ _ _ _ _ _ _ _ _ _ _ _ _ _ _ _ _ _ _ _ _ _ _ _ _ _ _ _ _ _ _ _ _ _ _ _ _ _ _ _ _ _ \n\nself = <pages.authorization_page.Authorization_page object at 0x00000260DECF1240>\nword = <selenium.webdriver.remote.webelement.WebElement (session=\"f9af4168318cab2ff818072d7b38c037\", element=\"E899010C576CB4E1997548D8BFB59F75_element_38\")>\nresult = 'Данные'\n\n    def assert_word(self, word, result):\n        value_word = word.text\n>       assert value_word == result\nE       AssertionError\n\nbase\\base_class.py:21: AssertionError"}, "steps": [{"name": "Тест автризации пользователя с емэйл", "status": "failed", "statusDetails": {"message": "AssertionError\n", "trace": "  File \"C:\\Users\\akokaev\\Desktop\\Learn_Python\\passport_yandex\\tests\\test_autorization.py\", line 39, in test_login_by_mail\n    ap.assert_word(ap.get_word_success_authorization(), \"Данные\")\n  File \"C:\\Users\\akokaev\\Desktop\\Learn_Python\\passport_yandex\\base\\base_class.py\", line 21, in assert_word\n    assert value_word == result\n"}, "start": 1696848762912, "stop": 1696848768879}], "start": 1696848762910, "stop": 1696848768880, "uuid": "d656b4e7-1da3-4f1c-b90d-d94268b24bda", "historyId": "19193f56cff4a7a67028db4eefcea668", "testCaseId": "8d1a77ce62fac134d887f2d9fa7fa14f", "fullName": "tests.test_autorization#test_login_by_mail", "labels": [{"name": "severity", "value": "CRITICAL"}, {"name": "parentSuite", "value": "tests"}, {"name": "suite", "value": "test_autorization"}, {"name": "host", "value": "akokaev"}, {"name": "thread", "value": "10424-MainThread"}, {"name": "framework", "value": "pytest"}, {"name": "language", "value": "cpython3"}, {"name": "package", "value": "tests.test_autorization"}]}